Copyright 1986-2022 Xilinx, Inc. All Rights Reserved. Copyright 2022-2024 Advanced Micro Devices, Inc. All Rights Reserved.
---------------------------------------------------------------------------------------------------------------------------------------------
| Tool Version : Vivado v.2024.1 (win64) Build 5076996 Wed May 22 18:37:14 MDT 2024
| Date         : Sun Oct 12 12:41:54 2025
| Host         : DESKTOP-MNCON82 running 64-bit major release  (build 9200)
| Command      : report_control_sets -verbose -file divisor_control_sets_placed.rpt
| Design       : divisor
| Device       : xc7a35t
---------------------------------------------------------------------------------------------------------------------------------------------

Control Set Information

Table of Contents
-----------------
1. Summary
2. Histogram
3. Flip-Flop Distribution
4. Detailed Control Set Information

1. Summary
----------

+----------------------------------------------------------+-------+
|                          Status                          | Count |
+----------------------------------------------------------+-------+
| Total control sets                                       |     6 |
|    Minimum number of control sets                        |     6 |
|    Addition due to synthesis replication                 |     0 |
|    Addition due to physical synthesis replication        |     0 |
| Unused register locations in slices containing registers |    33 |
+----------------------------------------------------------+-------+
* Control sets can be merged at opt_design using control_set_merge or merge_equivalent_drivers
** Run report_qor_suggestions for automated merging and remapping suggestions


2. Histogram
------------

+--------------------+-------+
|       Fanout       | Count |
+--------------------+-------+
| Total control sets |     6 |
| >= 0 to < 4        |     2 |
| >= 4 to < 6        |     2 |
| >= 6 to < 8        |     0 |
| >= 8 to < 10       |     0 |
| >= 10 to < 12      |     2 |
| >= 12 to < 14      |     0 |
| >= 14 to < 16      |     0 |
| >= 16              |     0 |
+--------------------+-------+
* Control sets can be remapped at either synth_design or opt_design


3. Flip-Flop Distribution
-------------------------

+--------------+-----------------------+------------------------+-----------------+--------------+
| Clock Enable | Synchronous Set/Reset | Asynchronous Set/Reset | Total Registers | Total Slices |
+--------------+-----------------------+------------------------+-----------------+--------------+
| No           | No                    | No                     |               0 |            0 |
| No           | No                    | Yes                    |               1 |            1 |
| No           | Yes                   | No                     |               0 |            0 |
| Yes          | No                    | No                     |              15 |            6 |
| Yes          | No                    | Yes                    |              15 |            6 |
| Yes          | Yes                   | No                     |               0 |            0 |
+--------------+-----------------------+------------------------+-----------------+--------------+


4. Detailed Control Set Information
-----------------------------------

+----------------+---------------------+------------------+------------------+----------------+--------------+
|  Clock Signal  |    Enable Signal    | Set/Reset Signal | Slice Load Count | Bel Load Count | Bels / Slice |
+----------------+---------------------+------------------+------------------+----------------+--------------+
|  clk_IBUF_BUFG |                     | reset_IBUF       |                1 |              1 |         1.00 |
|  clk_IBUF_BUFG | ready_i_1_n_0       | reset_IBUF       |                1 |              1 |         1.00 |
|  clk_IBUF_BUFG | contador[3]_i_1_n_0 | reset_IBUF       |                1 |              4 |         4.00 |
|  clk_IBUF_BUFG | M[4]_i_1_n_0        |                  |                3 |              5 |         1.67 |
|  clk_IBUF_BUFG | Q[4]_i_1_n_0        |                  |                3 |             10 |         3.33 |
|  clk_IBUF_BUFG | cociente0           | reset_IBUF       |                4 |             10 |         2.50 |
+----------------+---------------------+------------------+------------------+----------------+--------------+


